# JRE version: Java(TM) SE Runtime Environment (9.0+11) (build 9.0.1+11)
# Java VM: Java HotSpot(TM) 64-Bit Server VM (9.0.1+11, mixed mode, tiered, compressed oops, g1 gc, windows-amd64)
Heap:
 garbage-first heap   total 52224K, used 33420K [0x00000000c0000000, 0x00000000c0100198, 0x0000000100000000)
  region size 1024K, 1 young (1024K), 1 survivors (1024K)
 Metaspace       used 37670K, capacity 40000K, committed 40188K, reserved 1085440K
  class space    used 3862K, capacity 4509K, committed 4608K, reserved 1048576K
GC Heap History (10 events):
Event: 24.282 GC heap after
{Heap after GC invocations=25 (full 1):
 garbage-first heap   total 43008K, used 30296K [0x00000000c0000000, 0x00000000c0100150, 0x0000000100000000)
  region size 1024K, 1 young (1024K), 1 survivors (1024K)
 Metaspace       used 37577K, capacity 39868K, committed 40060K, reserved 1085440K
  class space    used 3851K, capacity 4467K, committed 4480K, reserved 1048576K
}
Event: 24.300 GC heap before
{Heap before GC invocations=25 (full 1):
 garbage-first heap   total 43008K, used 32344K [0x00000000c0000000, 0x00000000c0100150, 0x0000000100000000)
  region size 1024K, 3 young (3072K), 1 survivors (1024K)
 Metaspace       used 37578K, capacity 39868K, committed 40060K, reserved 1085440K
  class space    used 3851K, capacity 4467K, committed 4480K, reserved 1048576K
}
Event: 24.310 GC heap after
{Heap after GC invocations=26 (full 1):
 garbage-first heap   total 43008K, used 31953K [0x00000000c0000000, 0x00000000c0100150, 0x0000000100000000)
  region size 1024K, 1 young (1024K), 1 survivors (1024K)
 Metaspace       used 37578K, capacity 39868K, committed 40060K, reserved 1085440K
  class space    used 3851K, capacity 4467K, committed 4480K, reserved 1048576K
}
Event: 24.314 GC heap before
{Heap before GC invocations=26 (full 1):
 garbage-first heap   total 43008K, used 32977K [0x00000000c0000000, 0x00000000c0100150, 0x0000000100000000)
  region size 1024K, 2 young (2048K), 1 survivors (1024K)
 Metaspace       used 37579K, capacity 39868K, committed 40060K, reserved 1085440K
  class space    used 3851K, capacity 4467K, committed 4480K, reserved 1048576K
}
Event: 24.319 GC heap after
{Heap after GC invocations=27 (full 1):
 garbage-first heap   total 43008K, used 32829K [0x00000000c0000000, 0x00000000c0100150, 0x0000000100000000)
  region size 1024K, 1 young (1024K), 1 survivors (1024K)
 Metaspace       used 37579K, capacity 39868K, committed 40060K, reserved 1085440K
  class space    used 3851K, capacity 4467K, committed 4480K, reserved 1048576K
}
Event: 24.322 GC heap before
{Heap before GC invocations=27 (full 1):
 garbage-first heap   total 43008K, used 33853K [0x00000000c0000000, 0x00000000c0100150, 0x0000000100000000)
  region size 1024K, 2 young (2048K), 1 survivors (1024K)
 Metaspace       used 37579K, capacity 39868K, committed 40060K, reserved 1085440K
  class space    used 3851K, capacity 4467K, committed 4480K, reserved 1048576K
}
Event: 24.329 GC heap after
{Heap after GC invocations=28 (full 1):
 garbage-first heap   total 43008K, used 33606K [0x00000000c0000000, 0x00000000c0100150, 0x0000000100000000)
  region size 1024K, 1 young (1024K), 1 survivors (1024K)
 Metaspace       used 37579K, capacity 39868K, committed 40060K, reserved 1085440K
  class space    used 3851K, capacity 4467K, committed 4480K, reserved 1048576K
}
Event: 24.336 GC heap before
{Heap before GC invocations=28 (full 1):
 garbage-first heap   total 43008K, used 34630K [0x00000000c0000000, 0x00000000c0100150, 0x0000000100000000)
  region size 1024K, 2 young (2048K), 1 survivors (1024K)
 Metaspace       used 37580K, capacity 39868K, committed 40060K, reserved 1085440K
  class space    used 3851K, capacity 4467K, committed 4480K, reserved 1048576K
}
Event: 24.342 GC heap after
{Heap after GC invocations=29 (full 1):
 garbage-first heap   total 43008K, used 34335K [0x00000000c0000000, 0x00000000c0100150, 0x0000000100000000)
  region size 1024K, 1 young (1024K), 1 survivors (1024K)
 Metaspace       used 37580K, capacity 39868K, committed 40060K, reserved 1085440K
  class space    used 3851K, capacity 4467K, committed 4480K, reserved 1048576K
}
Event: 24.798 GC heap before
{Heap before GC invocations=30 (full 1):
 garbage-first heap   total 43008K, used 34335K [0x00000000c0000000, 0x00000000c0100150, 0x0000000100000000)
  region size 1024K, 2 young (2048K), 1 survivors (1024K)
 Metaspace       used 37670K, capacity 40000K, committed 40188K, reserved 1085440K
  class space    used 3862K, capacity 4509K, committed 4608K, reserved 1048576K
}

