# JRE version: Java(TM) SE Runtime Environment (9.0+11) (build 9.0.1+11)
# Java VM: Java HotSpot(TM) 64-Bit Server VM (9.0.1+11, mixed mode, tiered, compressed oops, g1 gc, windows-amd64)
Heap:
 garbage-first heap   total 76800K, used 48764K [0x00000000c0000000, 0x00000000c0100258, 0x0000000100000000)
  region size 1024K, 30 young (30720K), 4 survivors (4096K)
 Metaspace       used 36877K, capacity 39442K, committed 39548K, reserved 1085440K
  class space    used 3787K, capacity 4460K, committed 4480K, reserved 1048576K
GC Heap History (10 events):
Event: 4.621 GC heap before
{Heap before GC invocations=3 (full 0):
 garbage-first heap   total 63488K, used 17198K [0x00000000c0000000, 0x00000000c01001f0, 0x0000000100000000)
  region size 1024K, 2 young (2048K), 1 survivors (1024K)
 Metaspace       used 20326K, capacity 21218K, committed 21296K, reserved 1069056K
  class space    used 1845K, capacity 2152K, committed 2176K, reserved 1048576K
}
Event: 4.641 GC heap after
{Heap after GC invocations=4 (full 0):
 garbage-first heap   total 63488K, used 16431K [0x00000000c0000000, 0x00000000c01001f0, 0x0000000100000000)
  region size 1024K, 1 young (1024K), 1 survivors (1024K)
 Metaspace       used 20326K, capacity 21218K, committed 21296K, reserved 1069056K
  class space    used 1845K, capacity 2152K, committed 2176K, reserved 1048576K
}
Event: 5.300 GC heap before
{Heap before GC invocations=5 (full 0):
 garbage-first heap   total 63488K, used 29743K [0x00000000c0000000, 0x00000000c01001f0, 0x0000000100000000)
  region size 1024K, 18 young (18432K), 1 survivors (1024K)
 Metaspace       used 22871K, capacity 24106K, committed 24316K, reserved 1071104K
  class space    used 2110K, capacity 2505K, committed 2560K, reserved 1048576K
}
Event: 5.307 GC heap after
{Heap after GC invocations=6 (full 0):
 garbage-first heap   total 76800K, used 15054K [0x00000000c0000000, 0x00000000c0100258, 0x0000000100000000)
  region size 1024K, 3 young (3072K), 3 survivors (3072K)
 Metaspace       used 22871K, capacity 24106K, committed 24316K, reserved 1071104K
  class space    used 2110K, capacity 2505K, committed 2560K, reserved 1048576K
}
Event: 7.120 GC heap before
{Heap before GC invocations=7 (full 0):
 garbage-first heap   total 76800K, used 42702K [0x00000000c0000000, 0x00000000c0100258, 0x0000000100000000)
  region size 1024K, 30 young (30720K), 3 survivors (3072K)
 Metaspace       used 26623K, capacity 27840K, committed 28156K, reserved 1075200K
  class space    used 2586K, capacity 2999K, committed 3072K, reserved 1048576K
}
Event: 7.130 GC heap after
{Heap after GC invocations=8 (full 0):
 garbage-first heap   total 76800K, used 18464K [0x00000000c0000000, 0x00000000c0100258, 0x0000000100000000)
  region size 1024K, 4 young (4096K), 4 survivors (4096K)
 Metaspace       used 26623K, capacity 27840K, committed 28156K, reserved 1075200K
  class space    used 2586K, capacity 2999K, committed 3072K, reserved 1048576K
}
Event: 11.873 GC heap before
{Heap before GC invocations=8 (full 0):
 garbage-first heap   total 76800K, used 45088K [0x00000000c0000000, 0x00000000c0100258, 0x0000000100000000)
  region size 1024K, 30 young (30720K), 4 survivors (4096K)
 Metaspace       used 29089K, capacity 30592K, committed 30844K, reserved 1077248K
  class space    used 2920K, capacity 3382K, committed 3456K, reserved 1048576K
}
Event: 11.900 GC heap after
{Heap after GC invocations=9 (full 0):
 garbage-first heap   total 76800K, used 19425K [0x00000000c0000000, 0x00000000c0100258, 0x0000000100000000)
  region size 1024K, 4 young (4096K), 4 survivors (4096K)
 Metaspace       used 29089K, capacity 30592K, committed 30844K, reserved 1077248K
  class space    used 2920K, capacity 3382K, committed 3456K, reserved 1048576K
}
Event: 14.558 GC heap before
{Heap before GC invocations=9 (full 0):
 garbage-first heap   total 76800K, used 48097K [0x00000000c0000000, 0x00000000c0100258, 0x0000000100000000)
  region size 1024K, 32 young (32768K), 4 survivors (4096K)
 Metaspace       used 31603K, capacity 33210K, committed 33404K, reserved 1079296K
  class space    used 3177K, capacity 3708K, committed 3712K, reserved 1048576K
}
Event: 14.571 GC heap after
{Heap after GC invocations=10 (full 0):
 garbage-first heap   total 76800K, used 23164K [0x00000000c0000000, 0x00000000c0100258, 0x0000000100000000)
  region size 1024K, 4 young (4096K), 4 survivors (4096K)
 Metaspace       used 31603K, capacity 33210K, committed 33404K, reserved 1079296K
  class space    used 3177K, capacity 3708K, committed 3712K, reserved 1048576K
}

