# JRE version: Java(TM) SE Runtime Environment (9.0+11) (build 9.0.1+11)
# Java VM: Java HotSpot(TM) 64-Bit Server VM (9.0.1+11, mixed mode, tiered, compressed oops, g1 gc, windows-amd64)
Heap:
 garbage-first heap   total 76800K, used 29445K [0x00000000c0000000, 0x00000000c0100258, 0x0000000100000000)
  region size 1024K, 10 young (10240K), 4 survivors (4096K)
 Metaspace       used 32920K, capacity 34970K, committed 35200K, reserved 1081344K
  class space    used 3335K, capacity 3923K, committed 3968K, reserved 1048576K
GC Heap History (10 events):
Event: 4.993 GC heap before
{Heap before GC invocations=4 (full 0):
 garbage-first heap   total 63488K, used 19480K [0x00000000c0000000, 0x00000000c01001f0, 0x0000000100000000)
  region size 1024K, 8 young (8192K), 2 survivors (2048K)
 Metaspace       used 20797K, capacity 21898K, committed 22192K, reserved 1069056K
  class space    used 1869K, capacity 2186K, committed 2304K, reserved 1048576K
}
Event: 4.996 GC heap after
{Heap after GC invocations=5 (full 0):
 garbage-first heap   total 63488K, used 13486K [0x00000000c0000000, 0x00000000c01001f0, 0x0000000100000000)
  region size 1024K, 1 young (1024K), 1 survivors (1024K)
 Metaspace       used 20797K, capacity 21898K, committed 22192K, reserved 1069056K
  class space    used 1869K, capacity 2186K, committed 2304K, reserved 1048576K
}
Event: 5.699 GC heap before
{Heap before GC invocations=5 (full 0):
 garbage-first heap   total 63488K, used 32942K [0x00000000c0000000, 0x00000000c01001f0, 0x0000000100000000)
  region size 1024K, 20 young (20480K), 1 survivors (1024K)
 Metaspace       used 24302K, capacity 25700K, committed 25728K, reserved 1073152K
  class space    used 2285K, capacity 2672K, committed 2688K, reserved 1048576K
}
Event: 5.720 GC heap after
{Heap after GC invocations=6 (full 0):
 garbage-first heap   total 63488K, used 16899K [0x00000000c0000000, 0x00000000c01001f0, 0x0000000100000000)
  region size 1024K, 3 young (3072K), 3 survivors (3072K)
 Metaspace       used 24302K, capacity 25700K, committed 25728K, reserved 1073152K
  class space    used 2285K, capacity 2672K, committed 2688K, reserved 1048576K
}
Event: 6.534 GC heap before
{Heap before GC invocations=6 (full 0):
 garbage-first heap   total 63488K, used 36355K [0x00000000c0000000, 0x00000000c01001f0, 0x0000000100000000)
  region size 1024K, 22 young (22528K), 3 survivors (3072K)
 Metaspace       used 26546K, capacity 27950K, committed 28160K, reserved 1075200K
  class space    used 2592K, capacity 3035K, committed 3072K, reserved 1048576K
}
Event: 6.543 GC heap after
{Heap after GC invocations=7 (full 0):
 garbage-first heap   total 76800K, used 18956K [0x00000000c0000000, 0x00000000c0100258, 0x0000000100000000)
  region size 1024K, 3 young (3072K), 3 survivors (3072K)
 Metaspace       used 26546K, capacity 27950K, committed 28160K, reserved 1075200K
  class space    used 2592K, capacity 3035K, committed 3072K, reserved 1048576K
}
Event: 7.455 GC heap before
{Heap before GC invocations=7 (full 0):
 garbage-first heap   total 76800K, used 45580K [0x00000000c0000000, 0x00000000c0100258, 0x0000000100000000)
  region size 1024K, 29 young (29696K), 3 survivors (3072K)
 Metaspace       used 29110K, capacity 30726K, committed 30848K, reserved 1077248K
  class space    used 2923K, capacity 3382K, committed 3456K, reserved 1048576K
}
Event: 7.466 GC heap after
{Heap after GC invocations=8 (full 0):
 garbage-first heap   total 76800K, used 21186K [0x00000000c0000000, 0x00000000c0100258, 0x0000000100000000)
  region size 1024K, 4 young (4096K), 4 survivors (4096K)
 Metaspace       used 29110K, capacity 30726K, committed 30848K, reserved 1077248K
  class space    used 2923K, capacity 3382K, committed 3456K, reserved 1048576K
}
Event: 8.141 GC heap before
{Heap before GC invocations=8 (full 0):
 garbage-first heap   total 76800K, used 48834K [0x00000000c0000000, 0x00000000c0100258, 0x0000000100000000)
  region size 1024K, 31 young (31744K), 4 survivors (4096K)
 Metaspace       used 31233K, capacity 32874K, committed 33152K, reserved 1079296K
  class space    used 3139K, capacity 3638K, committed 3712K, reserved 1048576K
}
Event: 8.155 GC heap after
{Heap after GC invocations=9 (full 0):
 garbage-first heap   total 76800K, used 24325K [0x00000000c0000000, 0x00000000c0100258, 0x0000000100000000)
  region size 1024K, 4 young (4096K), 4 survivors (4096K)
 Metaspace       used 31233K, capacity 32874K, committed 33152K, reserved 1079296K
  class space    used 3139K, capacity 3638K, committed 3712K, reserved 1048576K
}

